<?xml version="1.0" encoding="UTF-8"?>
<testng-results ignored="0" total="2" passed="2" failed="0" skipped="0">
  <reporter-output>
  </reporter-output>
  <suite started-at="2022-10-10T16:49:17 IST" name="Suite1" finished-at="2022-10-10T16:49:21 IST" duration-ms="3831">
    <groups>
    </groups>
    <test started-at="2022-10-10T16:49:17 IST" name="fi1" finished-at="2022-10-10T16:49:21 IST" duration-ms="3831">
      <class name="DataDriven.New">
        <test-method is-config="true" signature="launch(java.lang.String)[pri:0, instance:DataDriven.New@13e39c73]" started-at="2022-10-10T16:49:17 IST" name="launch" finished-at="2022-10-10T16:49:18 IST" duration-ms="1144" status="PASS">
          <params>
            <param index="0">
              <value>
                <![CDATA[Chrome]]>
              </value>
            </param>
          </params>
          <reporter-output>
          </reporter-output>
        </test-method> <!-- launch -->
        <test-method signature="setup(java.lang.String)[pri:0, instance:DataDriven.New@13e39c73]" started-at="2022-10-10T16:49:18 IST" name="setup" finished-at="2022-10-10T16:49:21 IST" duration-ms="2561" status="PASS">
          <params>
            <param index="0">
              <value>
                <![CDATA[https://opensource-demo.orangehrmlive.com/web/index.php/auth/login]]>
              </value>
            </param>
          </params>
          <reporter-output>
          </reporter-output>
        </test-method> <!-- setup -->
        <test-method signature="title(java.lang.String)[pri:0, instance:DataDriven.New@13e39c73]" started-at="2022-10-10T16:49:21 IST" name="title" finished-at="2022-10-10T16:49:21 IST" duration-ms="2" status="PASS">
          <params>
            <param index="0">
              <value>
                <![CDATA[OrangeHRM]]>
              </value>
            </param>
          </params>
          <reporter-output>
          </reporter-output>
        </test-method> <!-- title -->
        <test-method is-config="true" signature="teardown()[pri:0, instance:DataDriven.New@13e39c73]" started-at="2022-10-10T16:49:21 IST" name="teardown" finished-at="2022-10-10T16:49:21 IST" duration-ms="108" status="PASS">
          <reporter-output>
          </reporter-output>
        </test-method> <!-- teardown -->
      </class> <!-- DataDriven.New -->
    </test> <!-- fi1 -->
  </suite> <!-- Suite1 -->
</testng-results>
